/home/zuchn/Documents/Universitaet/Seminar_Deep_Learning_for_SE/naturalize/src/main/java/renaming/tools/IdentifierNGramModelBuilder.java	0	0	0	0.0
/home/zuchn/Documents/Universitaet/Seminar_Deep_Learning_for_SE/naturalize/src/main/java/renaming/tools/PreCommitVerifier.java	0	0	0	0.0
/home/zuchn/Documents/Universitaet/Seminar_Deep_Learning_for_SE/naturalize/src/main/java/renaming/tools/JavaRepositoryRenamingSuggestor.java	1	0	0	0.015873015873015872
/home/zuchn/Documents/Universitaet/Seminar_Deep_Learning_for_SE/naturalize/src/main/java/renaming/tools/package-info.java	1	0	0	0.015873015873015872
/home/zuchn/Documents/Universitaet/Seminar_Deep_Learning_for_SE/naturalize/src/main/java/renaming/tools/CodeReviewAssistant.java	1	0	0	0.010309278350515464
/home/zuchn/Documents/Universitaet/Seminar_Deep_Learning_for_SE/naturalize/src/main/java/renaming/tools/FormattingReviewAssistant.java	1	0	0	0.007042253521126761
/home/zuchn/Documents/Universitaet/Seminar_Deep_Learning_for_SE/naturalize/src/main/java/renaming/history/IdentifierInformationScanner.java	1	0	0	0.005747126436781609
/home/zuchn/Documents/Universitaet/Seminar_Deep_Learning_for_SE/naturalize/src/main/java/renaming/history/IdentifierInformation.java	1	0	0	0.005235602094240838
/home/zuchn/Documents/Universitaet/Seminar_Deep_Learning_for_SE/naturalize/src/main/java/renaming/history/SvnToGitMapper.java	1	0	0	0.004975124378109453
/home/zuchn/Documents/Universitaet/Seminar_Deep_Learning_for_SE/naturalize/src/main/java/renaming/history/RenamingDatasetExtractor.java	1	0	0	0.004219409282700422
/home/zuchn/Documents/Universitaet/Seminar_Deep_Learning_for_SE/naturalize/src/main/java/renaming/history/NameThroughHistory.java	1	0	0	0.003952569169960474
/home/zuchn/Documents/Universitaet/Seminar_Deep_Learning_for_SE/naturalize/src/main/java/renaming/history/RepentDataParser.java	1	0	0	0.0035587188612099642
/home/zuchn/Documents/Universitaet/Seminar_Deep_Learning_for_SE/naturalize/src/main/java/renaming/history/ChangingIdentifiersRepositoryWalker.java	1	0	0	0.0028011204481792717
/home/zuchn/Documents/Universitaet/Seminar_Deep_Learning_for_SE/naturalize/src/main/java/renaming/stats/package-info.java	1	0	0	0.0028011204481792717
/home/zuchn/Documents/Universitaet/Seminar_Deep_Learning_for_SE/naturalize/src/main/java/renaming/stats/VariableUsageStatistics.java	1	0	0	0.002617801047120419
/home/zuchn/Documents/Universitaet/Seminar_Deep_Learning_for_SE/naturalize/src/main/java/renaming/ngram/package-info.java	1	0	0	0.002617801047120419
/home/zuchn/Documents/Universitaet/Seminar_Deep_Learning_for_SE/naturalize/src/main/java/renaming/ngram/IdentifierNeighborsNGramLM.java	1	0	0	0.002369668246445498
/home/zuchn/Documents/Universitaet/Seminar_Deep_Learning_for_SE/naturalize/src/main/java/renaming/tui/IdentifierRenamer.java	1	0	0	0.0022988505747126436
/home/zuchn/Documents/Universitaet/Seminar_Deep_Learning_for_SE/naturalize/src/main/java/renaming/tui/package-info.java	1	0	0	0.0022988505747126436
/home/zuchn/Documents/Universitaet/Seminar_Deep_Learning_for_SE/naturalize/src/main/java/renaming/priors/JavaVariableGrammarPrior.java	2	0	0	0.004484304932735426
/home/zuchn/Documents/Universitaet/Seminar_Deep_Learning_for_SE/naturalize/src/main/java/renaming/priors/JavaVariableNameTypeDistribution.java	3	0	0	0.0064794816414686825
/home/zuchn/Documents/Universitaet/Seminar_Deep_Learning_for_SE/naturalize/src/main/java/renaming/segmentranking/PerturbationEvaluator.java	3	0	0	0.005780346820809248
/home/zuchn/Documents/Universitaet/Seminar_Deep_Learning_for_SE/naturalize/src/main/java/renaming/segmentranking/package-info.java	3	0	0	0.005780346820809248
/home/zuchn/Documents/Universitaet/Seminar_Deep_Learning_for_SE/naturalize/src/main/java/renaming/segmentranking/SegmentRenamingSuggestion.java	3	0	0	0.005226480836236934
/home/zuchn/Documents/Universitaet/Seminar_Deep_Learning_for_SE/naturalize/src/main/java/renaming/segmentranking/SnippetScorer.java	4	0	0	0.006420545746388443
/home/zuchn/Documents/Universitaet/Seminar_Deep_Learning_for_SE/naturalize/src/main/java/renaming/renamers/INGramIdentifierRenamer.java	4	0	0	0.006269592476489028
/home/zuchn/Documents/Universitaet/Seminar_Deep_Learning_for_SE/naturalize/src/main/java/renaming/renamers/LocalTypedIdentifierRenamings.java	5	0	0	0.007751937984496124
/home/zuchn/Documents/Universitaet/Seminar_Deep_Learning_for_SE/naturalize/src/main/java/renaming/renamers/package-info.java	5	0	0	0.007751937984496124
/home/zuchn/Documents/Universitaet/Seminar_Deep_Learning_for_SE/naturalize/src/main/java/renaming/renamers/GrammarPriorIdentifierRenaming.java	6	0	0	0.009202453987730062
/home/zuchn/Documents/Universitaet/Seminar_Deep_Learning_for_SE/naturalize/src/main/java/renaming/renamers/BaseIdentifierRenamings.java	7	0	0	0.010432190760059613
/home/zuchn/Documents/Universitaet/Seminar_Deep_Learning_for_SE/naturalize/src/main/java/renaming/renamers/AllPriorIdentifierRenaming.java	8	0	0	0.011661807580174927
/home/zuchn/Documents/Universitaet/Seminar_Deep_Learning_for_SE/naturalize/src/main/java/renaming/renamers/InterpolatedIdentifierRenamings.java	9	0	0	0.01267605633802817
/home/zuchn/Documents/Universitaet/Seminar_Deep_Learning_for_SE/naturalize/src/main/java/renaming/renamers/AbstractIdentifierRenamings.java	10	0	0	0.013210039630118891
/home/zuchn/Documents/Universitaet/Seminar_Deep_Learning_for_SE/naturalize/src/main/java/renaming/formatting/FormattingEvaluation.java	11	0	0	0.014211886304909561
/home/zuchn/Documents/Universitaet/Seminar_Deep_Learning_for_SE/naturalize/src/main/java/renaming/formatting/FormattingPreCommit.java	12	0	0	0.014705882352941176
/home/zuchn/Documents/Universitaet/Seminar_Deep_Learning_for_SE/naturalize/src/main/java/renaming/formatting/FormattingRenamings.java	13	0	0	0.015240328253223915
/home/zuchn/Documents/Universitaet/Seminar_Deep_Learning_for_SE/naturalize/src/main/java/renaming/formatting/package-info.java	13	0	0	0.015240328253223915
/home/zuchn/Documents/Universitaet/Seminar_Deep_Learning_for_SE/naturalize/src/main/java/renaming/formatting/FormattingRenamingsEval.java	13	0	0	0.01478953356086462
/home/zuchn/Documents/Universitaet/Seminar_Deep_Learning_for_SE/naturalize/src/main/java/renaming/evaluation/NamingEvaluator.java	13	0	0	0.013471502590673576
/home/zuchn/Documents/Universitaet/Seminar_Deep_Learning_for_SE/naturalize/src/main/java/renaming/evaluation/DynamicRangeEval.java	13	0	0	0.012670565302144249
/home/zuchn/Documents/Universitaet/Seminar_Deep_Learning_for_SE/naturalize/src/main/java/renaming/evaluation/HumanEvaluationOutput.java	13	0	0	0.012025901942645698
/home/zuchn/Documents/Universitaet/Seminar_Deep_Learning_for_SE/naturalize/src/main/java/renaming/evaluation/UnkRenamingsEval.java	14	0	0	0.012544802867383513
/home/zuchn/Documents/Universitaet/Seminar_Deep_Learning_for_SE/naturalize/src/main/java/renaming/evaluation/package-info.java	14	0	0	0.012544802867383513
/home/zuchn/Documents/Universitaet/Seminar_Deep_Learning_for_SE/naturalize/src/main/java/renaming/evaluation/StylishEval.java	14	0	0	0.011884550084889643
/home/zuchn/Documents/Universitaet/Seminar_Deep_Learning_for_SE/naturalize/src/main/java/renaming/evaluation/LeaveOneOutEvaluator.java	14	0	0	0.01120896717373899
/home/zuchn/Documents/Universitaet/Seminar_Deep_Learning_for_SE/naturalize/src/main/java/renaming/evaluation/CommonNameRenamingEvaluator.java	14	0	0	0.010878010878010878
/home/zuchn/Documents/Universitaet/Seminar_Deep_Learning_for_SE/naturalize/src/main/java/renaming/evaluation/SelectionSuggestionEval.java	14	0	0	0.010385756676557863
/home/zuchn/Documents/Universitaet/Seminar_Deep_Learning_for_SE/naturalize/src/main/java/renaming/evaluation/JunkIssueEvaluator.java	14	0	0	0.009866102889358703
/home/zuchn/Documents/Universitaet/Seminar_Deep_Learning_for_SE/naturalize/src/main/java/renaming/evaluation/UnecessaryNamesHumanEvalOutput.java	14	0	0	0.009648518263266712
/home/zuchn/Documents/Universitaet/Seminar_Deep_Learning_for_SE/naturalize/src/main/java/renaming/evaluation/JunkVariableRenamer.java	14	0	0	0.009440323668240054
/home/zuchn/Documents/Universitaet/Seminar_Deep_Learning_for_SE/naturalize/src/main/java/codemining/js/codeutils/JavascriptTokenizer.java	15	0	0	0.009823182711198428
/home/zuchn/Documents/Universitaet/Seminar_Deep_Learning_for_SE/naturalize/src/main/java/codemining/js/codeutils/FunctionRetriever.java	15	0	0	0.009759271307742356
/home/zuchn/Documents/Universitaet/Seminar_Deep_Learning_for_SE/naturalize/src/main/java/codemining/js/codeutils/package-info.java	15	0	0	0.009759271307742356
/home/zuchn/Documents/Universitaet/Seminar_Deep_Learning_for_SE/naturalize/src/main/java/codemining/js/codeutils/JavascriptASTExtractor.java	15	0	0	0.009596928982725527
/home/zuchn/Documents/Universitaet/Seminar_Deep_Learning_for_SE/naturalize/src/main/java/codemining/js/codeutils/binding/AbstractJavascriptNameBindingsExtractor.java	15	0	0	0.009369144284821987
/home/zuchn/Documents/Universitaet/Seminar_Deep_Learning_for_SE/naturalize/src/main/java/codemining/js/codeutils/binding/JavascriptApproximateVariableBindingExtractor.java	16	0	0	0.009828009828009828
/home/zuchn/Documents/Universitaet/Seminar_Deep_Learning_for_SE/naturalize/src/main/java/codemining/js/codeutils/binding/JavascriptExactVariableBindingsExtractor.java	16	0	0	0.009679370840895343
/home/zuchn/Documents/Universitaet/Seminar_Deep_Learning_for_SE/naturalize/src/main/java/codemining/js/codeutils/NodeFinder.java	16	0	0	0.009060022650056626
/home/zuchn/Documents/Universitaet/Seminar_Deep_Learning_for_SE/naturalize/src/main/java/codemining/js/codedata/metrics/JavascriptFunctionCounter.java	16	0	0	0.009003939223410242
/home/zuchn/Documents/Universitaet/Seminar_Deep_Learning_for_SE/naturalize/src/main/java/codemining/js/codedata/metrics/IJavascriptFileMetricRetriever.java	16	0	0	0.008993816750983699
/home/zuchn/Documents/Universitaet/Seminar_Deep_Learning_for_SE/naturalize/src/main/java/codemining/js/codedata/metrics/JavascriptCyclomaticCalculator.java	18	0	0	0.01002227171492205
/home/zuchn/Documents/Universitaet/Seminar_Deep_Learning_for_SE/naturalize/src/main/java/codemining/cpp/codeutils/CppASTAnnotatedTokenizer.java	18	0	0	0.009994447529150472
/home/zuchn/Documents/Universitaet/Seminar_Deep_Learning_for_SE/naturalize/src/main/java/codemining/cpp/codeutils/CppTokenTypeTokenizer.java	18	0	0	0.009819967266775777
/home/zuchn/Documents/Universitaet/Seminar_Deep_Learning_for_SE/naturalize/src/main/java/codemining/cpp/codeutils/CAstExtractor.java	18	0	0	0.009787928221859706
/home/zuchn/Documents/Universitaet/Seminar_Deep_Learning_for_SE/naturalize/src/main/java/codemining/cpp/codeutils/CASTAnnotatedTokenizer.java	18	0	0	0.009761388286334056
/home/zuchn/Documents/Universitaet/Seminar_Deep_Learning_for_SE/naturalize/src/main/java/codemining/cpp/codeutils/package-info.java	18	0	0	0.009761388286334056
/home/zuchn/Documents/Universitaet/Seminar_Deep_Learning_for_SE/naturalize/src/main/java/codemining/cpp/codeutils/AbstractCdtASTAnnotatedTokenizer.java	18	0	0	0.009379885356956748
/home/zuchn/Documents/Universitaet/Seminar_Deep_Learning_for_SE/naturalize/src/main/java/codemining/cpp/codeutils/CppASTExtractor.java	18	0	0	0.00935064935064935
/home/zuchn/Documents/Universitaet/Seminar_Deep_Learning_for_SE/naturalize/src/main/java/codemining/cpp/codeutils/CppWhitespaceTokenizer.java	18	0	0	0.00916030534351145
/home/zuchn/Documents/Universitaet/Seminar_Deep_Learning_for_SE/naturalize/src/main/java/codemining/cpp/codeutils/AbstractCdtAstExtractor.java	18	0	0	0.009086320040383645
/home/zuchn/Documents/Universitaet/Seminar_Deep_Learning_for_SE/naturalize/src/main/java/codemining/cpp/codeutils/CDTTokenizer.java	18	0	0	0.008968609865470852
/home/zuchn/Documents/Universitaet/Seminar_Deep_Learning_for_SE/naturalize/src/main/java/codemining/languagetools/TokenizerUtils.java	18	0	0	0.008880118401578688
/home/zuchn/Documents/Universitaet/Seminar_Deep_Learning_for_SE/naturalize/src/main/java/codemining/languagetools/Scope.java	18	0	0	0.008823529411764706
/home/zuchn/Documents/Universitaet/Seminar_Deep_Learning_for_SE/naturalize/src/main/java/codemining/languagetools/FormattingTokenizer.java	18	0	0	0.008708272859216255
/home/zuchn/Documents/Universitaet/Seminar_Deep_Learning_for_SE/naturalize/src/main/java/codemining/languagetools/ParseType.java	18	0	0	0.008708272859216255
/home/zuchn/Documents/Universitaet/Seminar_Deep_Learning_for_SE/naturalize/src/main/java/codemining/languagetools/tokenizers/whitespace/WhitespaceTokenConverter.java	18	0	0	0.008624820316243412
/home/zuchn/Documents/Universitaet/Seminar_Deep_Learning_for_SE/naturalize/src/main/java/codemining/languagetools/tokenizers/whitespace/WhitespaceToTokenConverter.java	18	0	0	0.008583690987124463
/home/zuchn/Documents/Universitaet/Seminar_Deep_Learning_for_SE/naturalize/src/main/java/codemining/languagetools/IFormattingTokenizer.java	18	0	0	0.008583690987124463
/home/zuchn/Documents/Universitaet/Seminar_Deep_Learning_for_SE/naturalize/src/main/java/codemining/languagetools/tui/package-info.java	18	0	0	0.008583690987124463
/home/zuchn/Documents/Universitaet/Seminar_Deep_Learning_for_SE/naturalize/src/main/java/codemining/languagetools/tui/DistinctTokenCount.java	18	0	0	0.008534850640113799
/home/zuchn/Documents/Universitaet/Seminar_Deep_Learning_for_SE/naturalize/src/main/java/codemining/languagetools/tui/TokenCounter.java	19	0	0	0.008979206049149339
/home/zuchn/Documents/Universitaet/Seminar_Deep_Learning_for_SE/naturalize/src/main/java/codemining/languagetools/tui/TokenizerTUI.java	19	0	0	0.008941176470588235
/home/zuchn/Documents/Universitaet/Seminar_Deep_Learning_for_SE/naturalize/src/main/java/codemining/languagetools/ColoredToken.java	19	0	0	0.008890968647636874
/home/zuchn/Documents/Universitaet/Seminar_Deep_Learning_for_SE/naturalize/src/main/java/codemining/languagetools/package-info.java	19	0	0	0.008890968647636874
/home/zuchn/Documents/Universitaet/Seminar_Deep_Learning_for_SE/naturalize/src/main/java/codemining/languagetools/bindings/ResolvedSourceCode.java	19	0	0	0.008841321544904607
/home/zuchn/Documents/Universitaet/Seminar_Deep_Learning_for_SE/naturalize/src/main/java/codemining/languagetools/bindings/AbstractNameBindingsExtractor.java	19	0	0	0.008800370541917554
/home/zuchn/Documents/Universitaet/Seminar_Deep_Learning_for_SE/naturalize/src/main/java/codemining/languagetools/bindings/TokenNameBinding.java	19	0	0	0.008751727314601566
/home/zuchn/Documents/Universitaet/Seminar_Deep_Learning_for_SE/naturalize/src/main/java/codemining/languagetools/ClassHierarchy.java	19	0	0	0.008667883211678832
/home/zuchn/Documents/Universitaet/Seminar_Deep_Learning_for_SE/naturalize/src/main/java/codemining/languagetools/IScopeExtractor.java	19	0	0	0.008652094717668488
/home/zuchn/Documents/Universitaet/Seminar_Deep_Learning_for_SE/naturalize/src/main/java/codemining/languagetools/CodePrinter.java	19	0	0	0.008570139828597204
/home/zuchn/Documents/Universitaet/Seminar_Deep_Learning_for_SE/naturalize/src/main/java/codemining/languagetools/ITokenizer.java	19	0	0	0.008493518104604381
/home/zuchn/Documents/Universitaet/Seminar_Deep_Learning_for_SE/naturalize/src/main/java/codemining/languagetools/IAstAnnotatedTokenizer.java	19	0	0	0.008440693025322079
/home/zuchn/Documents/Universitaet/Seminar_Deep_Learning_for_SE/naturalize/src/main/java/codemining/java/codeutils/UsagePointExtractor.java	19	0	0	0.008355321020228672
/home/zuchn/Documents/Universitaet/Seminar_Deep_Learning_for_SE/naturalize/src/main/java/codemining/java/codeutils/MethodsInClass.java	19	0	0	0.008278867102396514
/home/zuchn/Documents/Universitaet/Seminar_Deep_Learning_for_SE/naturalize/src/main/java/codemining/java/codeutils/IdentifierPerType.java	19	0	0	0.008074798130046749
/home/zuchn/Documents/Universitaet/Seminar_Deep_Learning_for_SE/naturalize/src/main/java/codemining/java/codeutils/ProjectTypeInformation.java	19	0	0	0.008037225042301184
/home/zuchn/Documents/Universitaet/Seminar_Deep_Learning_for_SE/naturalize/src/main/java/codemining/java/codeutils/MethodExtractor.java	19	0	0	0.007966457023060796
/home/zuchn/Documents/Universitaet/Seminar_Deep_Learning_for_SE/naturalize/src/main/java/codemining/java/codeutils/scopes/ScopedIdentifierRenaming.java	19	0	0	0.007844756399669695
/home/zuchn/Documents/Universitaet/Seminar_Deep_Learning_for_SE/naturalize/src/main/java/codemining/java/codeutils/scopes/VariableScopeExtractor.java	20	0	0	0.008071025020177562
/home/zuchn/Documents/Universitaet/Seminar_Deep_Learning_for_SE/naturalize/src/main/java/codemining/java/codeutils/scopes/ScopesTUI.java	20	0	0	0.008048289738430584
/home/zuchn/Documents/Universitaet/Seminar_Deep_Learning_for_SE/naturalize/src/main/java/codemining/java/codeutils/scopes/TypenameScopeExtractor.java	20	0	0	0.007939658594680429
/home/zuchn/Documents/Universitaet/Seminar_Deep_Learning_for_SE/naturalize/src/main/java/codemining/java/codeutils/scopes/package-info.java	20	0	0	0.007939658594680429
/home/zuchn/Documents/Universitaet/Seminar_Deep_Learning_for_SE/naturalize/src/main/java/codemining/java/codeutils/scopes/AllScopeExtractor.java	20	0	0	0.007892659826361484
/home/zuchn/Documents/Universitaet/Seminar_Deep_Learning_for_SE/naturalize/src/main/java/codemining/java/codeutils/scopes/ScopeCodeSnippetExtractor.java	20	0	0	0.007880220646178092
/home/zuchn/Documents/Universitaet/Seminar_Deep_Learning_for_SE/naturalize/src/main/java/codemining/java/codeutils/scopes/MethodScopeExtractor.java	20	0	0	0.0077549437766576195
/home/zuchn/Documents/Universitaet/Seminar_Deep_Learning_for_SE/naturalize/src/main/java/codemining/java/codeutils/MethodUtils.java	20	0	0	0.00772499034376207
/home/zuchn/Documents/Universitaet/Seminar_Deep_Learning_for_SE/naturalize/src/main/java/codemining/java/codeutils/package-info.java	20	0	0	0.00772499034376207
/home/zuchn/Documents/Universitaet/Seminar_Deep_Learning_for_SE/naturalize/src/main/java/codemining/java/codeutils/binding/JavaExactVariableBindingsExtractor.java	20	0	0	0.007642338555598013
/home/zuchn/Documents/Universitaet/Seminar_Deep_Learning_for_SE/naturalize/src/main/java/codemining/java/codeutils/binding/JavaMethodInvocationBindingExtractor.java	20	0	0	0.007598784194528876
/home/zuchn/Documents/Universitaet/Seminar_Deep_Learning_for_SE/naturalize/src/main/java/codemining/java/codeutils/binding/JavaTypeDeclarationBindingExtractor.java	20	0	0	0.007487832272557095
/home/zuchn/Documents/Universitaet/Seminar_Deep_Learning_for_SE/naturalize/src/main/java/codemining/java/codeutils/binding/JavaApproximateVariableBindingExtractor.java	21	0	0	0.00777489818585709
/home/zuchn/Documents/Universitaet/Seminar_Deep_Learning_for_SE/naturalize/src/main/java/codemining/java/codeutils/binding/JavaFeatureExtractor.java	21	0	0	0.007650273224043716
/home/zuchn/Documents/Universitaet/Seminar_Deep_Learning_for_SE/naturalize/src/main/java/codemining/java/codeutils/binding/tui/JavaBindingsToJson.java	21	0	0	0.007581227436823105
/home/zuchn/Documents/Universitaet/Seminar_Deep_Learning_for_SE/naturalize/src/main/java/codemining/java/codeutils/binding/tui/JavaBindingsPerFeatureTypeToJson.java	21	0	0	0.00755939524838013
/home/zuchn/Documents/Universitaet/Seminar_Deep_Learning_for_SE/naturalize/src/main/java/codemining/java/codeutils/binding/JavaMethodDeclarationBindingExtractor.java	21	0	0	0.0074415308291991495
/home/zuchn/Documents/Universitaet/Seminar_Deep_Learning_for_SE/naturalize/src/main/java/codemining/java/codeutils/binding/AbstractJavaNameBindingsExtractor.java	21	0	0	0.007311977715877437
/home/zuchn/Documents/Universitaet/Seminar_Deep_Learning_for_SE/naturalize/src/main/java/codemining/java/codeutils/binding/JavaVariableFeatureExtractor.java	21	0	0	0.007273986837547627
/home/zuchn/Documents/Universitaet/Seminar_Deep_Learning_for_SE/naturalize/src/main/java/codemining/java/codeutils/JavaASTExtractor.java	21	0	0	0.00717458148274684
/home/zuchn/Documents/Universitaet/Seminar_Deep_Learning_for_SE/naturalize/src/main/java/codemining/java/codeutils/JavaTypeHierarchyExtractor.java	22	0	0	0.007427413909520594
/home/zuchn/Documents/Universitaet/Seminar_Deep_Learning_for_SE/naturalize/src/main/java/codemining/java/codeutils/JavaApproximateTypeInferencer.java	23	0	0	0.007623467020218761
/home/zuchn/Documents/Universitaet/Seminar_Deep_Learning_for_SE/naturalize/src/main/java/codemining/java/tokenizers/JavaTypeTokenizer.java	23	0	0	0.007504078303425775
/home/zuchn/Documents/Universitaet/Seminar_Deep_Learning_for_SE/naturalize/src/main/java/codemining/java/tokenizers/AstFlattenerWithoutClass.java	23	0	0	0.007025045815516188
/home/zuchn/Documents/Universitaet/Seminar_Deep_Learning_for_SE/naturalize/src/main/java/codemining/java/tokenizers/testMain.java	23	0	0	0.007010057909174032
/home/zuchn/Documents/Universitaet/Seminar_Deep_Learning_for_SE/naturalize/src/main/java/codemining/java/tokenizers/JavaWhitespaceTokenizer.java	24	0	0	0.007136485280999108
/home/zuchn/Documents/Universitaet/Seminar_Deep_Learning_for_SE/naturalize/src/main/java/codemining/java/tokenizers/JavaObfuscatedTokenizer.java	24	0	0	0.0071090047393364926
/home/zuchn/Documents/Universitaet/Seminar_Deep_Learning_for_SE/naturalize/src/main/java/codemining/java/tokenizers/JavaIdentifierAnnotatedTokenizer.java	25	0	0	0.007320644216691069
/home/zuchn/Documents/Universitaet/Seminar_Deep_Learning_for_SE/naturalize/src/main/java/codemining/java/tokenizers/JavaASTAnnotatedTokenizer.java	25	0	0	0.007221259387637204
/home/zuchn/Documents/Universitaet/Seminar_Deep_Learning_for_SE/naturalize/src/main/java/codemining/java/tokenizers/JavaTokenizerSomeTokens.java	26	0	0	0.007477710670117918
/home/zuchn/Documents/Universitaet/Seminar_Deep_Learning_for_SE/naturalize/src/main/java/codemining/java/tokenizers/JavaTokenTypeTokenizer.java	27	0	0	0.0076879271070615035
/home/zuchn/Documents/Universitaet/Seminar_Deep_Learning_for_SE/naturalize/src/main/java/codemining/java/tokenizers/JavaWidthAnnotatedWhitespaceTokenizer.java	27	0	0	0.007627118644067797
/home/zuchn/Documents/Universitaet/Seminar_Deep_Learning_for_SE/naturalize/src/main/java/codemining/java/tokenizers/JavaTokenizer.java	28	0	0	0.007808142777467931
/home/zuchn/Documents/Universitaet/Seminar_Deep_Learning_for_SE/naturalize/src/main/java/codemining/java/codedata/package-info.java	28	0	0	0.007808142777467931
/home/zuchn/Documents/Universitaet/Seminar_Deep_Learning_for_SE/naturalize/src/main/java/codemining/java/codedata/PackageInfoExtractor.java	28	0	0	0.0077951002227171495
/home/zuchn/Documents/Universitaet/Seminar_Deep_Learning_for_SE/naturalize/src/main/java/codemining/java/codedata/MethodRetriever.java	28	0	0	0.007773459189339256
/home/zuchn/Documents/Universitaet/Seminar_Deep_Learning_for_SE/naturalize/src/main/java/codemining/java/codedata/metrics/LinesOfCodeMetric.java	28	0	0	0.007766990291262136
/home/zuchn/Documents/Universitaet/Seminar_Deep_Learning_for_SE/naturalize/src/main/java/codemining/java/codedata/metrics/package-info.java	28	0	0	0.007766990291262136
/home/zuchn/Documents/Universitaet/Seminar_Deep_Learning_for_SE/naturalize/src/main/java/codemining/java/codedata/metrics/JavaMethodClassCounter.java	28	0	0	0.007741222007188278
/home/zuchn/Documents/Universitaet/Seminar_Deep_Learning_for_SE/naturalize/src/main/java/codemining/java/codedata/metrics/CyclomaticCalculator.java	30	0	0	0.00825536598789213
/home/zuchn/Documents/Universitaet/Seminar_Deep_Learning_for_SE/naturalize/src/main/java/codemining/java/codedata/metrics/IFileMetricRetriever.java	30	0	0	0.00825082508250825
/home/zuchn/Documents/Universitaet/Seminar_Deep_Learning_for_SE/naturalize/src/main/java/codemining/java/codedataextractors/ImportCrossEntropyDsetExtractor.java	31	0	0	0.008493150684931507
/home/zuchn/Documents/Universitaet/Seminar_Deep_Learning_for_SE/naturalize/src/main/java/codemining/java/codedataextractors/LanguageBurstiness.java	32	0	0	0.008676789587852495
/home/zuchn/Documents/Universitaet/Seminar_Deep_Learning_for_SE/naturalize/src/main/java/codemining/java/codedataextractors/MethodNGrams.java	33	0	0	0.008914100486223663
/home/zuchn/Documents/Universitaet/Seminar_Deep_Learning_for_SE/naturalize/src/main/java/codemining/java/codedataextractors/PerMethodMetrics.java	33	0	0	0.00887812752219532
/home/zuchn/Documents/Universitaet/Seminar_Deep_Learning_for_SE/naturalize/src/main/java/codemining/langs/codeutils/TokenTypeTokenizer.java	33	0	0	0.008847184986595175
/home/zuchn/Documents/Universitaet/Seminar_Deep_Learning_for_SE/naturalize/src/main/java/codemining/langs/codeutils/CodeTokenizer.java	33	0	0	0.008814102564102564
/home/zuchn/Documents/Universitaet/Seminar_Deep_Learning_for_SE/naturalize/src/main/java/codemining/langs/codeutils/AbstractJygmentsTokenizer.java	33	0	0	0.008774262164318
/home/zuchn/Documents/Universitaet/Seminar_Deep_Learning_for_SE/naturalize/src/main/java/codemining/langs/codeutils/package-info.java	33	0	0	0.008774262164318
/home/zuchn/Documents/Universitaet/Seminar_Deep_Learning_for_SE/naturalize/src/main/java/codemining/python/codeutils/Python27Tokenizer.java	33	0	0	0.008769598724422003
/home/zuchn/Documents/Universitaet/Seminar_Deep_Learning_for_SE/naturalize/src/main/java/codemining/python/codeutils/AbstractPythonTokenizer.java	33	0	0	0.008697944122298365
/home/zuchn/Documents/Universitaet/Seminar_Deep_Learning_for_SE/naturalize/src/main/java/codemining/python/codeutils/Python30Tokenizer.java	33	0	0	0.008691071898867527
/home/zuchn/Documents/Universitaet/Seminar_Deep_Learning_for_SE/naturalize/src/main/java/codemining/util/data/UnorderedPair.java	33	0	0	0.008677359978963977
/home/zuchn/Documents/Universitaet/Seminar_Deep_Learning_for_SE/naturalize/src/main/java/codemining/util/data/Pair.java	33	0	0	0.008659144581474678
/home/zuchn/Documents/Universitaet/Seminar_Deep_Learning_for_SE/naturalize/src/main/java/codemining/util/parallel/ParallelThreadPool.java	33	0	0	0.008643268727082242
/home/zuchn/Documents/Universitaet/Seminar_Deep_Learning_for_SE/naturalize/src/main/java/codemining/util/parallel/package-info.java	33	0	0	0.008643268727082242
/home/zuchn/Documents/Universitaet/Seminar_Deep_Learning_for_SE/naturalize/src/main/java/codemining/util/parallel/FutureThreadPool.java	33	0	0	0.008616187989556136
/home/zuchn/Documents/Universitaet/Seminar_Deep_Learning_for_SE/naturalize/src/main/java/codemining/util/CollectionUtil.java	33	0	0	0.00857811281518066
/home/zuchn/Documents/Universitaet/Seminar_Deep_Learning_for_SE/naturalize/src/main/java/codemining/util/SettingsLoader.java	33	0	0	0.008478931140801645
/home/zuchn/Documents/Universitaet/Seminar_Deep_Learning_for_SE/naturalize/src/main/java/codemining/util/TextFileUtils.java	33	0	0	0.008472400513478818
/home/zuchn/Documents/Universitaet/Seminar_Deep_Learning_for_SE/naturalize/src/main/java/codemining/util/serialization/Serializer.java	33	0	0	0.008463708643241858
/home/zuchn/Documents/Universitaet/Seminar_Deep_Learning_for_SE/naturalize/src/main/java/codemining/util/serialization/KryoSerialization.java	33	0	0	0.008422664624808576
/home/zuchn/Documents/Universitaet/Seminar_Deep_Learning_for_SE/naturalize/src/main/java/codemining/util/serialization/ISerializationStrategy.java	33	0	0	0.008407643312101911
/home/zuchn/Documents/Universitaet/Seminar_Deep_Learning_for_SE/naturalize/src/main/java/codemining/util/serialization/tui/SerializableConversion.java	33	0	0	0.00840122199592668
/home/zuchn/Documents/Universitaet/Seminar_Deep_Learning_for_SE/naturalize/src/main/java/codemining/util/serialization/JavaSerialization.java	33	0	0	0.008373509261608729
/home/zuchn/Documents/Universitaet/Seminar_Deep_Learning_for_SE/naturalize/src/main/java/codemining/util/serialization/package-info.java	33	0	0	0.008373509261608729
/home/zuchn/Documents/Universitaet/Seminar_Deep_Learning_for_SE/naturalize/src/main/java/codemining/util/StatsUtil.java	33	0	0	0.008245877061469266
/home/zuchn/Documents/Universitaet/Seminar_Deep_Learning_for_SE/naturalize/src/main/java/codemining/lm/ITokenGeneratingLanguageModel.java	33	0	0	0.008245877061469266
/home/zuchn/Documents/Universitaet/Seminar_Deep_Learning_for_SE/naturalize/src/main/java/codemining/lm/hmm/HiddenMarkovModelLM.java	33	0	0	0.00820283370618941
/home/zuchn/Documents/Universitaet/Seminar_Deep_Learning_for_SE/naturalize/src/main/java/codemining/lm/hmm/package-info.java	33	0	0	0.00820283370618941
/home/zuchn/Documents/Universitaet/Seminar_Deep_Learning_for_SE/naturalize/src/main/java/codemining/lm/hmm/HMM.java	33	0	0	0.00806845965770171
/home/zuchn/Documents/Universitaet/Seminar_Deep_Learning_for_SE/naturalize/src/main/java/codemining/lm/ngram/smoothing/InterpolatedNGramLM.java	33	0	0	0.008035062089116142
/home/zuchn/Documents/Universitaet/Seminar_Deep_Learning_for_SE/naturalize/src/main/java/codemining/lm/ngram/smoothing/KatzBackoff.java	33	0	0	0.00791746641074856
/home/zuchn/Documents/Universitaet/Seminar_Deep_Learning_for_SE/naturalize/src/main/java/codemining/lm/ngram/smoothing/DirichletNgramLM.java	33	0	0	0.007900406990663156
/home/zuchn/Documents/Universitaet/Seminar_Deep_Learning_for_SE/naturalize/src/main/java/codemining/lm/ngram/smoothing/LaplaceSmoother.java	33	0	0	0.007870259957071309
/home/zuchn/Documents/Universitaet/Seminar_Deep_Learning_for_SE/naturalize/src/main/java/codemining/lm/ngram/smoothing/StupidBackoff.java	34	0	0	0.008074091664687722
/home/zuchn/Documents/Universitaet/Seminar_Deep_Learning_for_SE/naturalize/src/main/java/codemining/lm/ngram/NGramLM.java	34	0	0	0.007994356924523865
/home/zuchn/Documents/Universitaet/Seminar_Deep_Learning_for_SE/naturalize/src/main/java/codemining/lm/ngram/NGram.java	34	0	0	0.007938360961942564
/home/zuchn/Documents/Universitaet/Seminar_Deep_Learning_for_SE/naturalize/src/main/java/codemining/lm/ngram/cache/ParameterOptimizer.java	34	0	0	0.007864908628267407
/home/zuchn/Documents/Universitaet/Seminar_Deep_Learning_for_SE/naturalize/src/main/java/codemining/lm/ngram/cache/ICache.java	34	0	0	0.007861271676300578
/home/zuchn/Documents/Universitaet/Seminar_Deep_Learning_for_SE/naturalize/src/main/java/codemining/lm/ngram/cache/SymbolicWeightCache.java	34	0	0	0.007825086306098964
/home/zuchn/Documents/Universitaet/Seminar_Deep_Learning_for_SE/naturalize/src/main/java/codemining/lm/ngram/cache/SimpleCachedNGramLM.java	35	0	0	0.007943713118474808
/home/zuchn/Documents/Universitaet/Seminar_Deep_Learning_for_SE/naturalize/src/main/java/codemining/lm/ngram/cache/IdentifierOnlyCachedNGramLM.java	36	0	0	0.00801068090787717
/home/zuchn/Documents/Universitaet/Seminar_Deep_Learning_for_SE/naturalize/src/main/java/codemining/lm/ngram/cache/package-info.java	36	0	0	0.00801068090787717
/home/zuchn/Documents/Universitaet/Seminar_Deep_Learning_for_SE/naturalize/src/main/java/codemining/lm/ngram/cache/WeightCache.java	36	0	0	0.007982261640798226
/home/zuchn/Documents/Universitaet/Seminar_Deep_Learning_for_SE/naturalize/src/main/java/codemining/lm/ngram/LongTrie.java	36	0	0	0.007870572802798426
/home/zuchn/Documents/Universitaet/Seminar_Deep_Learning_for_SE/naturalize/src/main/java/codemining/lm/ngram/AbstractNGramLM.java	36	0	0	0.007725321888412017
/home/zuchn/Documents/Universitaet/Seminar_Deep_Learning_for_SE/naturalize/src/main/java/codemining/lm/ngram/tui/NGramModelBuilder.java	36	0	0	0.00771373473323334
/home/zuchn/Documents/Universitaet/Seminar_Deep_Learning_for_SE/naturalize/src/main/java/codemining/lm/ngram/tui/package-info.java	36	0	0	0.00771373473323334
/home/zuchn/Documents/Universitaet/Seminar_Deep_Learning_for_SE/naturalize/src/main/java/codemining/lm/ngram/tui/CacheNGramBuilder.java	36	0	0	0.007705479452054794
/home/zuchn/Documents/Universitaet/Seminar_Deep_Learning_for_SE/naturalize/src/main/java/codemining/lm/ngram/tui/HeatmapVizualizer.java	37	0	0	0.007884082676326443
/home/zuchn/Documents/Universitaet/Seminar_Deep_Learning_for_SE/naturalize/src/main/java/codemining/lm/ngram/Trie.java	37	0	0	0.0077993254637436765
/home/zuchn/Documents/Universitaet/Seminar_Deep_Learning_for_SE/naturalize/src/main/java/codemining/lm/ngram/ImmutableNGramLM.java	37	0	0	0.007778011351692243
/home/zuchn/Documents/Universitaet/Seminar_Deep_Learning_for_SE/naturalize/src/main/java/codemining/lm/util/TokenVocabularyBuilder.java	37	0	0	0.007747068676716918
/home/zuchn/Documents/Universitaet/Seminar_Deep_Learning_for_SE/naturalize/src/main/java/codemining/lm/util/package-info.java	37	0	0	0.007747068676716918
/home/zuchn/Documents/Universitaet/Seminar_Deep_Learning_for_SE/naturalize/src/main/java/codemining/lm/util/VocabularyToInt.java	37	0	0	0.007722813608849927
/home/zuchn/Documents/Universitaet/Seminar_Deep_Learning_for_SE/naturalize/src/main/java/codemining/lm/tui/RandomLanguageGenerator.java	37	0	0	0.007716371220020855
/home/zuchn/Documents/Universitaet/Seminar_Deep_Learning_for_SE/naturalize/src/main/java/codemining/lm/tui/package-info.java	37	0	0	0.007716371220020855
/home/zuchn/Documents/Universitaet/Seminar_Deep_Learning_for_SE/naturalize/src/main/java/codemining/lm/tui/LMComplexityTUI.java	37	0	0	0.007697108383607239
/home/zuchn/Documents/Universitaet/Seminar_Deep_Learning_for_SE/naturalize/src/main/java/codemining/lm/tui/LMIncrementalTrainer.java	37	0	0	0.007650951199338296
/home/zuchn/Documents/Universitaet/Seminar_Deep_Learning_for_SE/naturalize/src/main/java/codemining/lm/LMComplexity.java	37	0	0	0.007619439868204283
/home/zuchn/Documents/Universitaet/Seminar_Deep_Learning_for_SE/naturalize/src/main/java/codemining/lm/package-info.java	37	0	0	0.007619439868204283
/home/zuchn/Documents/Universitaet/Seminar_Deep_Learning_for_SE/naturalize/src/main/java/codemining/lm/ILanguageModel.java	37	0	0	0.007610037021801728
/home/zuchn/Documents/Universitaet/Seminar_Deep_Learning_for_SE/naturalize/src/main/java/codemining/math/random/SampleUtils.java	37	0	0	0.007540248624414102
/home/zuchn/Documents/Universitaet/Seminar_Deep_Learning_for_SE/naturalize/src/main/java/codemining/math/random/FilesetSplit.java	37	0	0	0.00750659362953946
/home/zuchn/Documents/Universitaet/Seminar_Deep_Learning_for_SE/naturalize/src/main/java/codemining/math/probability/DiscreteConditionalProbability.java	37	0	0	0.00748836267961951
/home/zuchn/Documents/Universitaet/Seminar_Deep_Learning_for_SE/naturalize/src/main/java/codemining/math/probability/ProbabilityUtils.java	37	0	0	0.007468712151796528
/home/zuchn/Documents/Universitaet/Seminar_Deep_Learning_for_SE/naturalize/src/main/java/codemining/math/probability/SmoothedDiscreteConditionalDistribution.java	37	0	0	0.007432703897147449
/home/zuchn/Documents/Universitaet/Seminar_Deep_Learning_for_SE/naturalize/src/main/java/codemining/math/probability/ISamplableConditionalProbability.java	37	0	0	0.007431211086563567
/home/zuchn/Documents/Universitaet/Seminar_Deep_Learning_for_SE/naturalize/src/main/java/codemining/math/probability/package-info.java	37	0	0	0.007431211086563567
/home/zuchn/Documents/Universitaet/Seminar_Deep_Learning_for_SE/naturalize/src/main/java/codemining/math/probability/IDiscreteConditionalProbability.java	37	0	0	0.007431211086563567
/home/zuchn/Documents/Universitaet/Seminar_Deep_Learning_for_SE/naturalize/src/main/java/codemining/math/probability/DiscreteElementwiseConditionalDistribution.java	37	0	0	0.007408890668802563
/home/zuchn/Documents/Universitaet/Seminar_Deep_Learning_for_SE/naturalize/src/main/java/codemining/math/probability/IConditionalProbability.java	37	0	0	0.007404442665599359
/home/zuchn/Documents/Universitaet/Seminar_Deep_Learning_for_SE/naturalize/src/main/java/codemining/math/distributions/GeometricDistribution.java	37	0	0	0.007395562662402559
/home/zuchn/Documents/Universitaet/Seminar_Deep_Learning_for_SE/naturalize/src/main/java/committools/data/RepositoryFileWalker.java	37	0	0	0.007367582636399841
/home/zuchn/Documents/Universitaet/Seminar_Deep_Learning_for_SE/naturalize/src/main/java/committools/data/GitCommitUtils.java	37	0	0	0.007316590864148704
/home/zuchn/Documents/Universitaet/Seminar_Deep_Learning_for_SE/naturalize/src/main/java/committools/data/tui/BaseCommitPrinter.java	37	0	0	0.007310808140683659
/home/zuchn/Documents/Universitaet/Seminar_Deep_Learning_for_SE/naturalize/src/main/java/committools/data/AbstractCommitWalker.java	38	0	0	0.007468553459119497
/home/zuchn/Documents/Universitaet/Seminar_Deep_Learning_for_SE/naturalize/src/main/java/committools/data/package-info.java	38	0	0	0.007468553459119497
/home/zuchn/Documents/Universitaet/Seminar_Deep_Learning_for_SE/naturalize/src/main/java/committools/data/ActiveCommiterData.java	38	0	0	0.00741608118657299
/home/zuchn/Documents/Universitaet/Seminar_Deep_Learning_for_SE/naturalize/src/main/java/committools/data/InternalExternalCommiterData.java	38	0	0	0.007381507381507382
/home/zuchn/Documents/Universitaet/Seminar_Deep_Learning_for_SE/naturalize/src/main/java/committools/data/EditListRetriever.java	38	0	0	0.007321772639691715
/home/zuchn/Documents/Universitaet/Seminar_Deep_Learning_for_SE/naturalize/src/main/java/committools/data/GitCommiterIdentity.java	38	0	0	0.007313317936874519
/home/zuchn/Documents/Universitaet/Seminar_Deep_Learning_for_SE/naturalize/src/main/java/committools/data/CommitLogMatches.java	38	0	0	0.007293666026871401
/home/zuchn/Documents/Universitaet/Seminar_Deep_Learning_for_SE/naturalize/src/main/java/committools/deduplication/RepositoryDeduplicator.java	38	0	0	0.007261609019682782
/home/zuchn/Documents/Universitaet/Seminar_Deep_Learning_for_SE/naturalize/src/main/java/committools/deduplication/ParallelDeduplicator.java	38	0	0	0.007214733244731346
/home/zuchn/Documents/Universitaet/Seminar_Deep_Learning_for_SE/naturalize/src/main/java/committools/deduplication/package-info.java	38	0	0	0.007214733244731346
/home/zuchn/Documents/Universitaet/Seminar_Deep_Learning_for_SE/naturalize/src/main/java/committools/dataextractors/package-info.java	38	0	0	0.007214733244731346
/home/zuchn/Documents/Universitaet/Seminar_Deep_Learning_for_SE/naturalize/src/main/java/committools/dataextractors/LineLifecycle.java	38	0	0	0.007164404223227752
/home/zuchn/Documents/Universitaet/Seminar_Deep_Learning_for_SE/naturalize/src/main/java/committools/dataextractors/EditListWalker.java	38	0	0	0.007149576669802446
/home/zuchn/Documents/Universitaet/Seminar_Deep_Learning_for_SE/naturalize/src/main/java/evaluation/CompilationUnitSupplier.java	38	0	0	0.007144200037601053
/home/zuchn/Documents/Universitaet/Seminar_Deep_Learning_for_SE/naturalize/src/main/java/evaluation/ProjectEvaluator.java	38	0	0	0.007078986587183309
/home/zuchn/Documents/Universitaet/Seminar_Deep_Learning_for_SE/naturalize/src/main/java/evaluation/SnippetSupplier.java	38	0	0	0.007077668094617247
/home/zuchn/Documents/Universitaet/Seminar_Deep_Learning_for_SE/naturalize/src/test/java/renaming/ngram/PotentialRenamingsTest.java	38	0	0	0.007073715562174236
